#
# There is insufficient memory for the Java Runtime Environment to continue.
# Native memory allocation (malloc) failed to allocate 170816 bytes for Chunk::new
# Possible reasons:
#   The system is out of physical RAM or swap space
#   In 32 bit mode, the process size limit was hit
# Possible solutions:
#   Reduce memory load on the system
#   Increase physical memory or swap space
#   Check if swap backing store is full
#   Use 64 bit Java on a 64 bit OS
#   Decrease Java heap size (-Xmx/-Xms)
#   Decrease number of Java threads
#   Decrease Java thread stack sizes (-Xss)
#   Set larger code cache with -XX:ReservedCodeCacheSize=
# This output file may be truncated or incomplete.
#
#  Out of Memory Error (allocation.cpp:390), pid=7508, tid=0x0000000000002f9c
#
# JRE version: Java(TM) SE Runtime Environment (8.0_102-b14) (build 1.8.0_102-b14)
# Java VM: Java HotSpot(TM) 64-Bit Server VM (25.102-b14 mixed mode windows-amd64 compressed oops)
# Failed to write core dump. Minidumps are not enabled by default on client versions of Windows
#

---------------  T H R E A D  ---------------

Current thread (0x00000000175a1000):  JavaThread "C2 CompilerThread1" daemon [_thread_in_native, id=12188, stack(0x0000000018cc0000,0x0000000018dc0000)]

Stack: [0x0000000018cc0000,0x0000000018dc0000]
[error occurred during error reporting (printing stack bounds), id 0xc0000005]

Native frames: (J=compiled Java code, j=interpreted, Vv=VM code, C=native code)


Current CompileTask:
C2:   9075  742   !   4       sun.java2d.SunGraphics2D::drawImage (305 bytes)


---------------  P R O C E S S  ---------------

Java Threads: ( => current thread )
  0x00000000029b1000 JavaThread "DestroyJavaVM" [_thread_blocked, id=7640, stack(0x00000000028b0000,0x00000000029b0000)]
  0x000000001a21a000 JavaThread "Thread-2" [_thread_in_native, id=9528, stack(0x000000001b000000,0x000000001b100000)]
  0x000000001a1c3000 JavaThread "AWT-EventQueue-0" [_thread_blocked, id=6768, stack(0x000000001a9c0000,0x000000001aac0000)]
  0x00000000192a5000 JavaThread "AWT-Windows" daemon [_thread_in_native, id=10116, stack(0x0000000019800000,0x0000000019900000)]
  0x00000000192a0800 JavaThread "AWT-Shutdown" [_thread_blocked, id=3408, stack(0x0000000019700000,0x0000000019800000)]
  0x000000001929e800 JavaThread "Java2D Disposer" daemon [_thread_blocked, id=11124, stack(0x0000000019600000,0x0000000019700000)]
  0x0000000018ee9000 JavaThread "Service Thread" daemon [_thread_blocked, id=12924, stack(0x00000000192c0000,0x00000000193c0000)]
  0x00000000175cc000 JavaThread "C1 CompilerThread2" daemon [_thread_blocked, id=9732, stack(0x0000000018dc0000,0x0000000018ec0000)]
=>0x00000000175a1000 JavaThread "C2 CompilerThread1" daemon [_thread_in_native, id=12188, stack(0x0000000018cc0000,0x0000000018dc0000)]
  0x000000001757c800 JavaThread "C2 CompilerThread0" daemon [_thread_in_native, id=2076, stack(0x0000000018bc0000,0x0000000018cc0000)]
  0x000000001757b000 JavaThread "Attach Listener" daemon [_thread_blocked, id=4100, stack(0x0000000018ac0000,0x0000000018bc0000)]
  0x000000001757a000 JavaThread "Signal Dispatcher" daemon [_thread_blocked, id=5140, stack(0x00000000189c0000,0x0000000018ac0000)]
  0x0000000017568800 JavaThread "Finalizer" daemon [_thread_blocked, id=12588, stack(0x00000000187d0000,0x00000000188d0000)]
  0x0000000002aa1000 JavaThread "Reference Handler" daemon [_thread_blocked, id=5296, stack(0x00000000186d0000,0x00000000187d0000)]

Other Threads:
  0x0000000017547000 VMThread [stack: 0x00000000185d0000,0x00000000186d0000] [id=236]
  0x0000000018eeb000 WatcherThread [stack: 0x00000000193c0000,0x00000000194c0000] [id=12576]

VM state:not at safepoint (normal execution)

VM Mutex/Monitor currently owned by a thread: None

Heap:
 PSYoungGen      total 37888K, used 26201K [0x00000000d6100000, 0x00000000d8b00000, 0x0000000100000000)
  eden space 32768K, 79% used [0x00000000d6100000,0x00000000d7a966e8,0x00000000d8100000)
  from space 5120K, 0% used [0x00000000d8600000,0x00000000d8600000,0x00000000d8b00000)
  to   space 5120K, 0% used [0x00000000d8100000,0x00000000d8100000,0x00000000d8600000)
 ParOldGen       total 86016K, used 0K [0x0000000082200000, 0x0000000087600000, 0x00000000d6100000)
  object space 86016K, 0% used [0x0000000082200000,0x0000000082200000,0x0000000087600000)
 Metaspace       used 8907K, capacity 9036K, committed 9344K, reserved 1056768K
  class space    used 1020K, capacity 1092K, committed 1152K, reserved 1048576K

Card table byte_map: [0x0000000011e70000,0x0000000012260000] byte_map_base: 0x0000000011a5f000

Marking Bits: (ParMarkBitMap*) 0x0000000063d6a6c0
 Begin Bits: [0x0000000012900000, 0x0000000014878000)
 End Bits:   [0x0000000014878000, 0x00000000167f0000)

Polling page: 0x0000000000fa0000

CodeCache: size=245760Kb used=2919Kb max_used=2923Kb free=242840Kb
 bounds [0x0000000002ab0000, 0x0000000002d90000, 0x0000000011ab0000]
 total_blobs=1176 nmethods=740 adapters=349
 compilation: enabled

Compilation events (10 events):
Event: 8.330 Thread 0x00000000175cc000  737       1       java.beans.PropertyChangeEvent::getPropertyName (5 bytes)
Event: 8.330 Thread 0x00000000175cc000 nmethod 737 0x0000000002d55c50 code [0x0000000002d55da0, 0x0000000002d55eb0]
Event: 8.330 Thread 0x00000000175cc000  738   !   3       java.awt.KeyboardFocusManager::processCurrentLightweightRequests (345 bytes)
Event: 8.334 Thread 0x00000000175cc000 nmethod 738 0x0000000002d67690 code [0x0000000002d67ac0, 0x0000000002d6a2f8]
Event: 8.334 Thread 0x00000000175cc000  739   !   3       java.awt.DefaultKeyboardFocusManager::dispatchEvent (1589 bytes)
Event: 8.369 Thread 0x00000000175cc000 nmethod 739 0x0000000002d6bc50 code [0x0000000002d6d3c0, 0x0000000002d81048]
Event: 8.966 Thread 0x00000000175a1000  740       4       sun.java2d.SunGraphics2D::setComposite (223 bytes)
Event: 8.973 Thread 0x00000000175a1000 nmethod 740 0x0000000002d8c090 code [0x0000000002d8c2c0, 0x0000000002d8c738]
Event: 8.991 Thread 0x000000001757c800  741       4       sun.java2d.SunGraphics2D::drawImage (23 bytes)
Event: 8.993 Thread 0x00000000175a1000  742   !   4       sun.java2d.SunGraphics2D::drawImage (305 bytes)

GC Heap History (0 events):
No events

Deoptimization events (1 events):
Event: 2.700 Thread 0x000000001a21a000 Uncommon trap: reason=unstable_if action=reinterpret pc=0x0000000002d1d5a8 method=sun.font.CMap$CMapFormat4.getGlyph(I)C @ 181

Internal exceptions (10 events):
Event: 0.248 Thread 0x00000000029b1000 Exception <a 'java/lang/NoSuchMethodError': Method sun.misc.Unsafe.defineClass(Ljava/lang/String;[BII)Ljava/lang/Class; name or signature does not match> (0x00000000d6107c78) thrown at [C:\re\workspace\8-2-build-windows-amd64-cygwin\jdk8u102\7268\hotspot\sH}÷8>ÀÏ?
Event: 0.248 Thread 0x00000000029b1000 Exception <a 'java/lang/NoSuchMethodError': Method sun.misc.Unsafe.prefetchRead(Ljava/lang/Object;J)V name or signature does not match> (0x00000000d6107f60) thrown at [C:\re\workspace\8-2-build-windows-amd64-cygwin\jdk8u102\7268\hotspot\src\share\vm\prims\ñ>%Ìý€Õ?
Event: 0.336 Thread 0x00000000029b1000 Exception <a 'java/security/PrivilegedActionException'> (0x00000000d6188ed8) thrown at [C:\re\workspace\8-2-build-windows-amd64-cygwin\jdk8u102\7268\hotspot\src\share\vm\prims\jvm.cpp, line 1386]
Event: 0.336 Thread 0x00000000029b1000 Exception <a 'java/security/PrivilegedActionException'> (0x00000000d61890e8) thrown at [C:\re\workspace\8-2-build-windows-amd64-cygwin\jdk8u102\7268\hotspot\src\share\vm\prims\jvm.cpp, line 1386]
Event: 0.337 Thread 0x00000000029b1000 Exception <a 'java/security/PrivilegedActionException'> (0x00000000d618cfd0) thrown at [C:\re\workspace\8-2-build-windows-amd64-cygwin\jdk8u102\7268\hotspot\src\share\vm\prims\jvm.cpp, line 1386]
Event: 0.337 Thread 0x00000000029b1000 Exception <a 'java/security/PrivilegedActionException'> (0x00000000d618d1e0) thrown at [C:\re\workspace\8-2-build-windows-amd64-cygwin\jdk8u102\7268\hotspot\src\share\vm\prims\jvm.cpp, line 1386]
Event: 0.350 Thread 0x00000000029b1000 Exception <a 'java/io/FileNotFoundException'> (0x00000000d6193de8) thrown at [C:\re\workspace\8-2-build-windows-amd64-cygwin\jdk8u102\7268\hotspot\src\share\vm\prims\jni.cpp, line 709]
Event: 0.404 Thread 0x00000000029b1000 Exception <a 'java/lang/NoSuchFieldError': method resolution failed> (0x00000000d6304f80) thrown at [C:\re\workspace\8-2-build-windows-amd64-cygwin\jdk8u102\7268\hotspot\src\share\vm\prims\methodHandles.cpp, line 1146]
Event: 0.406 Thread 0x00000000029b1000 Exception <a 'java/lang/NoSuchFieldError': method resolution failed> (0x00000000d6312350) thrown at [C:\re\workspace\8-2-build-windows-amd64-cygwin\jdk8u102\7268\hotspot\src\share\vm\prims\methodHandles.cpp, line 1146]
Event: 0.460 Thread 0x00000000029b1000 Exception <a 'java/io/FileNotFoundException'> (0x00000000d63a6bc0) thrown at [C:\re\workspace\8-2-build-windows-amd64-cygwin\jdk8u102\7268\hotspot\src\share\vm\prims\jni.cpp, line 709]

Events (10 events):
Event: 1.242 loading class java/util/concurrent/ConcurrentHashMap$BaseIterator
Event: 1.242 loading class java/util/concurrent/ConcurrentHashMap$Traverser
Event: 1.242 loading class java/util/concurrent/ConcurrentHashMap$Traverser done
Event: 1.242 loading class java/util/concurrent/ConcurrentHashMap$BaseIterator done
Event: 1.242 loading class java/util/concurrent/ConcurrentHashMap$KeyIterator done
Event: 2.700 Thread 0x000000001a21a000 Uncommon trap: trap_request=0xffffff65 fr.pc=0x0000000002d1d5a8
Event: 2.700 Thread 0x000000001a21a000 DEOPT PACKING pc=0x0000000002d1d5a8 sp=0x000000001b0ff030
Event: 2.700 Thread 0x000000001a21a000 DEOPT UNPACKING pc=0x0000000002af582a sp=0x000000001b0fefa0 mode 2
Event: 4.373 Executing VM operation: EnableBiasedLocking
Event: 4.374 Executing VM operation: EnableBiasedLocking done


Dynamic libraries:
0x00007ff6a6590000 - 0x00007ff6a65c7000 	C:\Program Files\Java\jdk1.8.0_102\bin\javaw.exe
0x00007ffb40df0000 - 0x00007ffb40fd1000 	C:\WINDOWS\SYSTEM32\ntdll.dll
0x00007ffb405b0000 - 0x00007ffb40662000 	C:\WINDOWS\System32\KERNEL32.DLL
0x00007ffb3d460000 - 0x00007ffb3d6d3000 	C:\WINDOWS\System32\KERNELBASE.dll
0x00007ffb400b0000 - 0x00007ffb40151000 	C:\WINDOWS\System32\ADVAPI32.dll
0x00007ffb3fb70000 - 0x00007ffb3fc0e000 	C:\WINDOWS\System32\msvcrt.dll
0x00007ffb3f990000 - 0x00007ffb3f9eb000 	C:\WINDOWS\System32\sechost.dll
0x00007ffb3ff60000 - 0x00007ffb40084000 	C:\WINDOWS\System32\RPCRT4.dll
0x00007ffb3fc40000 - 0x00007ffb3fdd0000 	C:\WINDOWS\System32\USER32.dll
0x00007ffb3d260000 - 0x00007ffb3d280000 	C:\WINDOWS\System32\win32u.dll
0x00007ffb3fc10000 - 0x00007ffb3fc38000 	C:\WINDOWS\System32\GDI32.dll
0x00007ffb3d6e0000 - 0x00007ffb3d872000 	C:\WINDOWS\System32\gdi32full.dll
0x00007ffb3d1c0000 - 0x00007ffb3d25f000 	C:\WINDOWS\System32\msvcp_win.dll
0x00007ffb3d2e0000 - 0x00007ffb3d3da000 	C:\WINDOWS\System32\ucrtbase.dll
0x00007ffb2d380000 - 0x00007ffb2d5e9000 	C:\WINDOWS\WinSxS\amd64_microsoft.windows.common-controls_6595b64144ccf1df_6.0.17134.165_none_fb429645306569ac\COMCTL32.dll
0x00007ffb40280000 - 0x00007ffb405a3000 	C:\WINDOWS\System32\combase.dll
0x00007ffb3d3e0000 - 0x00007ffb3d45a000 	C:\WINDOWS\System32\bcryptPrimitives.dll
0x00007ffb3fdd0000 - 0x00007ffb3fdfd000 	C:\WINDOWS\System32\IMM32.DLL
0x0000000063df0000 - 0x0000000063ec1000 	C:\Program Files\Java\jdk1.8.0_102\jre\bin\msvcr100.dll
0x0000000063550000 - 0x0000000063dea000 	C:\Program Files\Java\jdk1.8.0_102\jre\bin\server\jvm.dll
0x00007ffb40160000 - 0x00007ffb40168000 	C:\WINDOWS\System32\PSAPI.DLL
0x00007ffb327d0000 - 0x00007ffb327d9000 	C:\WINDOWS\SYSTEM32\WSOCK32.dll
0x00007ffb2ee50000 - 0x00007ffb2ee73000 	C:\WINDOWS\SYSTEM32\WINMM.dll
0x00007ffb3fe60000 - 0x00007ffb3fecc000 	C:\WINDOWS\System32\WS2_32.dll
0x00007ffb327c0000 - 0x00007ffb327ca000 	C:\WINDOWS\SYSTEM32\VERSION.dll
0x00007ffb2ee20000 - 0x00007ffb2ee4a000 	C:\WINDOWS\SYSTEM32\WINMMBASE.dll
0x00007ffb3d880000 - 0x00007ffb3d8c9000 	C:\WINDOWS\System32\cfgmgr32.dll
0x0000000064370000 - 0x000000006437f000 	C:\Program Files\Java\jdk1.8.0_102\jre\bin\verify.dll
0x0000000064340000 - 0x0000000064369000 	C:\Program Files\Java\jdk1.8.0_102\jre\bin\java.dll
0x0000000064320000 - 0x0000000064336000 	C:\Program Files\Java\jdk1.8.0_102\jre\bin\zip.dll
0x00007ffb3e280000 - 0x00007ffb3f6c0000 	C:\WINDOWS\System32\SHELL32.dll
0x00007ffb3f880000 - 0x00007ffb3f929000 	C:\WINDOWS\System32\shcore.dll
0x00007ffb3dac0000 - 0x00007ffb3e1cd000 	C:\WINDOWS\System32\windows.storage.dll
0x00007ffb3fe00000 - 0x00007ffb3fe51000 	C:\WINDOWS\System32\shlwapi.dll
0x00007ffb3d100000 - 0x00007ffb3d111000 	C:\WINDOWS\System32\kernel.appcore.dll
0x00007ffb3d1a0000 - 0x00007ffb3d1bf000 	C:\WINDOWS\System32\profapi.dll
0x00007ffb3d120000 - 0x00007ffb3d16c000 	C:\WINDOWS\System32\powrprof.dll
0x00007ffb3d190000 - 0x00007ffb3d19a000 	C:\WINDOWS\System32\FLTLIB.DLL
0x00000000645b0000 - 0x0000000064748000 	C:\Program Files\Java\jdk1.8.0_102\jre\bin\awt.dll
0x00007ffb3f7b0000 - 0x00007ffb3f872000 	C:\WINDOWS\System32\OLEAUT32.dll
0x00007ffb3a940000 - 0x00007ffb3a9cb000 	C:\WINDOWS\SYSTEM32\apphelp.dll
0x00007ffb3ad60000 - 0x00007ffb3ad89000 	C:\WINDOWS\system32\DWMAPI.DLL
0x00007ffb3aa00000 - 0x00007ffb3aa98000 	C:\WINDOWS\system32\uxtheme.dll
0x00007ffb3f9f0000 - 0x00007ffb3fb65000 	C:\WINDOWS\System32\MSCTF.dll
0x00007ffb40670000 - 0x00007ffb407c1000 	C:\WINDOWS\System32\ole32.dll
0x0000000064800000 - 0x0000000064847000 	C:\Program Files\Java\jdk1.8.0_102\jre\bin\fontmanager.dll
0x00007ffb2ba20000 - 0x00007ffb2bab8000 	C:\WINDOWS\System32\TextInputFramework.dll
0x00007ffb2c410000 - 0x00007ffb2c72e000 	C:\WINDOWS\System32\CoreUIComponents.dll
0x00007ffb3a740000 - 0x00007ffb3a81a000 	C:\WINDOWS\System32\CoreMessaging.dll
0x00007ffb3c1c0000 - 0x00007ffb3c1f1000 	C:\WINDOWS\SYSTEM32\ntmarta.dll
0x00007ffb38730000 - 0x00007ffb3887d000 	C:\WINDOWS\SYSTEM32\wintypes.dll
0x0000000064300000 - 0x000000006431a000 	C:\Program Files\Java\jdk1.8.0_102\jre\bin\net.dll
0x00007ffb3c980000 - 0x00007ffb3c9e6000 	C:\WINDOWS\system32\mswsock.dll
0x00000000642e0000 - 0x00000000642f1000 	C:\Program Files\Java\jdk1.8.0_102\jre\bin\nio.dll
0x00000000647b0000 - 0x00000000647f2000 	C:\Program Files\Java\jdk1.8.0_102\jre\bin\t2k.dll

VM Arguments:
jvm_args: -Dfile.encoding=Cp1252 
java_command: mainPackage.MainClass
java_class_path (initial): C:\Users\Chinmoy\Desktop\Codes\JavaProgramm2\Gomoku-AI\bin
Launcher Type: SUN_STANDARD

Environment Variables:
PATH=C:\Perl64\site\bin;C:\Perl64\bin;C:\Program Files (x86)\Common Files\Oracle\Java\javapath;C:\ProgramData\Oracle\Java\javapath;D:\ImportantSoftware\EducationalSoftware\app\oracle\product\11.2.0\server\bin;C:\Windows\system32;C:\Windows;C:\Windows\System32\Wbem;C:\Windows\System32\WindowsPowerShell\v1.0\;C:\Program Files (x86)\NVIDIA Corporation\PhysX\Common;D:\TDM_GCC\bin;C:\WINDOWS\system32;C:\WINDOWS;C:\WINDOWS\System32\Wbem;C:\WINDOWS\System32\WindowsPowerShell\v1.0\;C:\Program Files (x86)\Windows Kits\8.1\Windows Performance Toolkit\;C:\Program Files\MySQL\MySQL Server 5.7\bin;C:\TDM-GCC-64\bin;C:\WINDOWS\System32\OpenSSH\;D:\ImportantSoftware\AnacondaFiles;D:\ImportantSoftware\AnacondaFiles\Scripts;D:\ImportantSoftware\AnacondaFiles\Library\bin;C:\Users\Chinmoy\AppData\Local\Microsoft\WindowsApps;C:\Users\Chinmoy\Envs\spl\Scripts;C:\Program Files\Heroku\bin;
USERNAME=Chinmoy
OS=Windows_NT
PROCESSOR_IDENTIFIER=Intel64 Family 6 Model 78 Stepping 3, GenuineIntel



---------------  S Y S T E M  ---------------

OS: Windows 10.0 , 64 bit Build 17134 (10.0.17134.1)

CPU:total 4 (2 cores per cpu, 2 threads per core) family 6 model 78 stepping 3, cmov, cx8, fxsr, mmx, sse, sse2, sse3, ssse3, sse4.1, sse4.2, popcnt, avx, avx2, aes, clmul, erms, 3dnowpref, lzcnt, ht, tsc, tscinvbit, bmi1, bmi2, adx

Memory: 4k page, physical 8246380k(2223032k free), swap 25023596k(0k free)

vm_info: Java HotSpot(TM) 64-Bit Server VM (25.102-b14) for windows-amd64 JRE (1.8.0_102-b14), built on Jun 22 2016 13:15:21 by "java_re" with MS VC++ 10.0 (VS2010)

time: Fri Aug 03 02:31:58 2018
elapsed time: 9 seconds (0d 0h 0m 9s)

